[00:32:24] [Server thread/WARN]: WARNING: Possible Lag Source at [363, 63, -189] in Dimension 0 with 149972197ns caused by an instance of class gregtech.api.metatileentity.implementations.GT_MetaTileEntity_BasicMachine_GT_Recipe
[00:41:00] [Server thread/INFO]: Hatschkey lost connection: TextComponent{text='Disconnected', siblings=[], style=Style{hasParent=false, color=null, bold=null, italic=null, underlined=null, obfuscated=null, clickEvent=null, hoverEvent=null}}
[00:41:00] [Server thread/INFO]: Hatschkey left the game
[01:08:51] [Netty IO #12/ERROR]: NetworkDispatcher exception
java.io.IOException: Connection reset by peer
	at sun.nio.ch.FileDispatcherImpl.read0(Native Method) ~[?:1.8.0_402]
	at sun.nio.ch.SocketDispatcher.read(SocketDispatcher.java:39) ~[?:1.8.0_402]
	at sun.nio.ch.IOUtil.readIntoNativeBuffer(IOUtil.java:223) ~[?:1.8.0_402]
	at sun.nio.ch.IOUtil.read(IOUtil.java:192) ~[?:1.8.0_402]
	at sun.nio.ch.SocketChannelImpl.read(SocketChannelImpl.java:379) ~[?:1.8.0_402]
	at io.netty.buffer.UnpooledUnsafeDirectByteBuf.setBytes(UnpooledUnsafeDirectByteBuf.java:436) ~[UnpooledUnsafeDirectByteBuf.class:?]
	at io.netty.buffer.AbstractByteBuf.writeBytes(AbstractByteBuf.java:870) ~[AbstractByteBuf.class:?]
	at io.netty.channel.socket.nio.NioSocketChannel.doReadBytes(NioSocketChannel.java:208) ~[NioSocketChannel.class:?]
	at io.netty.channel.nio.AbstractNioByteChannel$NioByteUnsafe.read(AbstractNioByteChannel.java:87) [AbstractNioByteChannel$NioByteUnsafe.class:?]
	at io.netty.channel.nio.NioEventLoop.processSelectedKey(NioEventLoop.java:480) [NioEventLoop.class:?]
	at io.netty.channel.nio.NioEventLoop.processSelectedKeysOptimized(NioEventLoop.java:447) [NioEventLoop.class:?]
	at io.netty.channel.nio.NioEventLoop.run(NioEventLoop.java:341) [NioEventLoop.class:?]
	at io.netty.util.concurrent.SingleThreadEventExecutor$2.run(SingleThreadEventExecutor.java:101) [SingleThreadEventExecutor$2.class:?]
	at java.lang.Thread.run(Thread.java:750) [?:1.8.0_402]
[01:08:52] [Server thread/INFO]: nibst lost connection: TranslatableComponent{key='disconnect.genericReason', args=[Internal Exception: java.io.IOException: Connection reset by peer], siblings=[], style=Style{hasParent=false, color=null, bold=null, italic=null, underlined=null, obfuscated=null, clickEvent=null, hoverEvent=null}}
[01:08:52] [Server thread/INFO]: nibst left the game
[01:09:07] [Server thread/INFO]: Saving...
[01:09:07] [Server thread/INFO]: Saved the world
[01:09:09] [Server thread/INFO]: Stopping the server
[01:09:09] [Server thread/INFO]: Cleaning up SlimeBounceHandler data.
[01:09:10] [Server thread/INFO]: Shutting down Machine block update executor service
[01:09:10] [Server thread/INFO]: Leaving... GT_Runnable_MachineBlockUpdate.shutdownExecutorService
[01:09:10] [Server thread/INFO]: Stopping server
[01:09:10] [Server thread/INFO]: Saving players
[01:09:10] [Server thread/INFO]: Saving worlds
[01:09:10] [Server thread/INFO]: Saving chunks for level 'World'/Overworld
[01:09:10] [Server thread/INFO]: Saving chunks for level 'World'/Nether
[01:09:10] [Server thread/INFO]: Saving chunks for level 'World'/Miranda
[01:09:10] [Server thread/INFO]: Saving chunks for level 'World'/T Ceti E
[01:09:10] [Server thread/INFO]: Saving chunks for level 'World'/Vega B
[01:09:10] [Server thread/INFO]: Saving chunks for level 'World'/Haumea
[01:09:10] [Server thread/INFO]: Saving chunks for level 'World'/Barnarda F
[01:09:10] [Server thread/INFO]: Saving chunks for level 'World'/Barnarda E
[01:09:10] [Server thread/INFO]: Saving chunks for level 'World'/Outer Lands
[01:09:10] [Server thread/INFO]: Saving chunks for level 'World'/Saturn
[01:09:10] [Server thread/INFO]: Saving chunks for level 'World'/Neptune
[01:09:10] [Server thread/INFO]: Saving chunks for level 'World'/Jupiter
[01:09:10] [Server thread/INFO]: Saving chunks for level 'World'/Mirror
[01:09:10] [Server thread/INFO]: Saving chunks for level 'World'/Pocket Plane
[01:09:10] [Server thread/INFO]: Saving chunks for level 'World'/Ross128b
[01:09:10] [Server thread/INFO]: Saving chunks for level 'World'/Ross128ba
[01:09:10] [Server thread/INFO]: Saving chunks for level 'World'/Bedrock
[01:09:10] [Server thread/INFO]: Saving chunks for level 'World'/Torment
[01:09:10] [Server thread/INFO]: Saving chunks for level 'World'/Spirit World
[01:09:10] [Server thread/INFO]: Saving chunks for level 'World'/Uranus
[01:09:10] [Server thread/INFO]: Saving chunks for level 'World'/The Outer Lands
[01:09:10] [Server thread/INFO]: Saving chunks for level 'World'/Pluto
[01:09:10] [Server thread/INFO]: Saving chunks for level 'World'/Triton
[01:09:10] [Server thread/INFO]: Saving chunks for level 'World'/Proteus
[01:09:10] [Server thread/INFO]: Saving chunks for level 'World'/Oberon
[01:09:10] [Server thread/INFO]: Saving chunks for level 'World'/Callisto
[01:09:10] [Server thread/INFO]: Saving chunks for level 'World'/Titan
[01:09:10] [Server thread/INFO]: Saving chunks for level 'World'/Ganymede
[01:09:10] [Server thread/INFO]: Saving chunks for level 'World'/Ceres
[01:09:10] [Server thread/INFO]: Saving chunks for level 'World'/Enceladus
[01:09:10] [Server thread/INFO]: Saving chunks for level 'World'/Deimos
[01:09:10] [Server thread/INFO]: Saving chunks for level 'World'/Venus
[01:09:10] [Server thread/INFO]: Saving chunks for level 'World'/Phobos
[01:09:10] [Server thread/INFO]: Saving chunks for level 'World'/Australia
[01:09:10] [Server thread/INFO]: Saving chunks for level 'World'/Mercury
[01:09:10] [Server thread/INFO]: Saving chunks for level 'World'/dimensionDarkWorld
[01:09:10] [Server thread/INFO]: Saving chunks for level 'World'/Io
[01:09:10] [Server thread/INFO]: Saving chunks for level 'World'/Europa
[01:09:10] [Server thread/INFO]: Saving chunks for level 'World'/Kuiper Belt
[01:09:10] [Server thread/INFO]: Saving chunks for level 'World'/Barnarda C
[01:09:10] [Server thread/INFO]: Saving chunks for level 'World'/α Centauri Bb
[01:09:10] [Server thread/INFO]: Saving chunks for level 'World'/Asteroids
[01:09:10] [Server thread/INFO]: Saving chunks for level 'World'/Mars
[01:09:10] [Server thread/INFO]: Saving chunks for level 'World'/Moon
[01:09:10] [Server thread/INFO]: Saving chunks for level 'World'/Makemake
[01:09:10] [Server thread/INFO]: Saving chunks for level 'World'/The Last Millenium
[01:09:10] [Server thread/INFO]: Saving chunks for level 'World'/Twilight Forest
[01:09:10] [Server thread/INFO]: Saving chunks for level 'World'/Underdark
[01:09:10] [Server thread/INFO]: Saving chunks for level 'World'/SpectreWorld
[01:09:11] [Server thread/INFO]: Unloading dimension 0
[01:09:11] [Server thread/INFO]: Unloading dimension -1
[01:09:11] [Server thread/INFO]: Unloading dimension 86
[01:09:11] [Server thread/INFO]: Unloading dimension 85
[01:09:11] [Server thread/INFO]: Unloading dimension 84
[01:09:11] [Server thread/INFO]: Unloading dimension 83
[01:09:11] [Server thread/INFO]: Unloading dimension 82
[01:09:11] [Server thread/INFO]: Unloading dimension 81
[01:09:11] [Server thread/INFO]: Unloading dimension 173
[01:09:11] [Server thread/INFO]: Unloading dimension 77
[01:09:11] [Server thread/INFO]: Unloading dimension 74
[01:09:11] [Server thread/INFO]: Unloading dimension 71
[01:09:11] [Server thread/INFO]: Unloading dimension 70
[01:09:11] [Server thread/INFO]: Unloading dimension 69
[01:09:11] [Server thread/INFO]: Unloading dimension 64
[01:09:11] [Server thread/INFO]: Unloading dimension 63
[01:09:11] [Server thread/INFO]: Unloading dimension 60
[01:09:11] [Server thread/INFO]: Unloading dimension 56
[01:09:11] [Server thread/INFO]: Unloading dimension 55
[01:09:11] [Server thread/INFO]: Unloading dimension 51
[01:09:11] [Server thread/INFO]: Unloading dimension 50
[01:09:11] [Server thread/INFO]: Unloading dimension 49
[01:09:11] [Server thread/INFO]: Unloading dimension 48
[01:09:11] [Server thread/INFO]: Unloading dimension 47
[01:09:11] [Server thread/INFO]: Unloading dimension 46
[01:09:11] [Server thread/INFO]: Unloading dimension 45
[01:09:11] [Server thread/INFO]: Unloading dimension 44
[01:09:11] [Server thread/INFO]: Unloading dimension 43
[01:09:11] [Server thread/INFO]: Unloading dimension 42
[01:09:11] [Server thread/INFO]: Unloading dimension 41
[01:09:11] [Server thread/INFO]: Unloading dimension 40
[01:09:11] [Server thread/INFO]: Unloading dimension 39
[01:09:11] [Server thread/INFO]: Unloading dimension 38
[01:09:11] [Server thread/INFO]: Unloading dimension 228
[01:09:11] [Server thread/INFO]: Unloading dimension 37
[01:09:11] [Server thread/INFO]: Unloading dimension 227
[01:09:11] [Server thread/INFO]: Unloading dimension 36
[01:09:11] [Server thread/INFO]: Unloading dimension 35
[01:09:11] [Server thread/INFO]: Unloading dimension 33
[01:09:11] [Server thread/INFO]: Unloading dimension 32
[01:09:11] [Server thread/INFO]: Unloading dimension 31
[01:09:11] [Server thread/INFO]: Unloading dimension 30
[01:09:11] [Server thread/INFO]: Unloading dimension 29
[01:09:11] [Server thread/INFO]: Unloading dimension 28
[01:09:11] [Server thread/INFO]: Unloading dimension 25
[01:09:11] [Server thread/INFO]: Unloading dimension 112
[01:09:11] [Server thread/INFO]: Unloading dimension 7
[01:09:11] [Server thread/INFO]: Unloading dimension 100
[01:09:11] [Server thread/INFO]: Unloading dimension 2
[01:09:18] [Server thread/INFO]: Applying holder lookups
[01:09:18] [Server thread/INFO]: Holder lookups applied
[01:09:18] [Server thread/INFO]: Unregistered Dimension: 30
[01:09:18] [Server thread/INFO]: Unregistered Dimension: 32
[01:09:18] [Server thread/INFO]: Unregistered Dimension: 81
[01:09:18] [Server thread/INFO]: Unregistered Dimension: 82
[01:09:18] [Server thread/INFO]: Unregistered Dimension: 31
[01:09:18] [Server thread/INFO]: Unregistered Dimension: 42
[01:09:18] [Server thread/INFO]: Unregistered Dimension: 83
[01:09:18] [Server thread/INFO]: Unregistered Dimension: 71
[01:09:18] [Server thread/INFO]: Unregistered Dimension: 33
[01:09:18] [Server thread/INFO]: Unregistered Dimension: 25
[01:09:18] [Server thread/INFO]: Unregistered Dimension: 29
[01:09:18] [Server thread/INFO]: Unregistered Dimension: 37
[01:09:18] [Server thread/INFO]: Unregistered Dimension: 74
[01:09:18] [Server thread/INFO]: Unregistered Dimension: 49
[01:09:18] [Server thread/INFO]: Unregistered Dimension: 64
[01:09:18] [Server thread/INFO]: Unregistered Dimension: 77
[01:09:18] [Server thread/INFO]: Unregistered Dimension: 85
[01:09:18] [Server thread/INFO]: Unregistered Dimension: 51
[01:09:18] [Server thread/INFO]: Unregistered Dimension: 84
[01:09:18] [Server thread/INFO]: Unregistered Dimension: 39
[01:09:18] [Server thread/INFO]: Unregistered Dimension: 45
[01:09:18] [Server thread/INFO]: Unregistered Dimension: 40
[01:09:18] [Server thread/INFO]: Unregistered Dimension: 41
[01:09:18] [Server thread/INFO]: Unregistered Dimension: 35
[01:09:18] [Server thread/INFO]: Unregistered Dimension: 43
[01:09:18] [Server thread/INFO]: Unregistered Dimension: 36
[01:09:18] [Server thread/INFO]: Unregistered Dimension: 86
[01:09:18] [Server thread/INFO]: Unregistered Dimension: 28
[01:09:18] [Server thread/INFO]: Unregistered Dimension: 46
[01:09:18] [Server thread/INFO]: Unregistered Dimension: 38
[01:09:18] [Server thread/INFO]: Unregistered Dimension: 47
[01:09:18] [Server thread/INFO]: Unregistered Dimension: 63
[01:09:18] [Server thread/INFO]: Unregistered Dimension: 44
[01:09:18] [Server thread/INFO]: Unregistered Dimension: 48
