30.09.2022 09:36:28.906 - [eu.usrv.legacylootgames.LootGamesDungeonLogger][INFO] - == LootGames logger initialized ==
30.09.2022 09:37:55.807 - [eu.usrv.legacylootgames.LootGamesDungeonLogger][INFO] - PuzzleDungeon spawned at -104 111 -88 in Dimension 0
30.09.2022 09:37:59.189 - [eu.usrv.legacylootgames.LootGamesDungeonLogger][INFO] - PuzzleDungeon spawned at 24 59 40 in Dimension 0
08.10.2022 03:28:14.760 - [eu.usrv.legacylootgames.LootGamesDungeonLogger][INFO] - == LootGames logger initialized ==
08.10.2022 03:46:17.757 - [eu.usrv.legacylootgames.LootGamesDungeonLogger][INFO] - == LootGames logger initialized ==
08.10.2022 03:56:00.315 - [eu.usrv.legacylootgames.LootGamesDungeonLogger][INFO] - == LootGames logger initialized ==
08.10.2022 04:12:48.039 - [eu.usrv.legacylootgames.LootGamesDungeonLogger][INFO] - == LootGames logger initialized ==
08.10.2022 09:22:07.073 - [eu.usrv.legacylootgames.LootGamesDungeonLogger][INFO] - == LootGames logger initialized ==
10.10.2022 07:19:51.642 - [eu.usrv.legacylootgames.LootGamesDungeonLogger][INFO] - == LootGames logger initialized ==
10.10.2022 08:03:51.004 - [eu.usrv.legacylootgames.LootGamesDungeonLogger][INFO] - == LootGames logger initialized ==
10.10.2022 08:38:08.888 - [eu.usrv.legacylootgames.LootGamesDungeonLogger][INFO] - PuzzleDungeon spawned at 344 41 -40 in Dimension 0
10.10.2022 08:39:02.667 - [eu.usrv.legacylootgames.LootGamesDungeonLogger][INFO] - PuzzleDungeon spawned at 424 49 104 in Dimension 0
10.10.2022 08:39:42.070 - [eu.usrv.legacylootgames.LootGamesDungeonLogger][INFO] - PuzzleDungeon spawned at 152 72 -216 in Dimension 0
10.10.2022 08:41:06.799 - [eu.usrv.legacylootgames.LootGamesDungeonLogger][INFO] - PuzzleDungeon spawned at 120 76 -296 in Dimension 0
10.10.2022 09:10:44.856 - [eu.usrv.legacylootgames.LootGamesDungeonLogger][INFO] - PuzzleDungeon spawned at 376 48 -424 in Dimension 0
11.10.2022 09:22:21.436 - [eu.usrv.legacylootgames.LootGamesDungeonLogger][INFO] - == LootGames logger initialized ==
11.10.2022 09:48:10.347 - [eu.usrv.legacylootgames.LootGamesDungeonLogger][INFO] - PuzzleDungeon spawned at 472 47 -296 in Dimension 0
11.10.2022 11:21:26.956 - [eu.usrv.legacylootgames.LootGamesDungeonLogger][INFO] - PuzzleDungeon spawned at 728 54 -312 in Dimension 0
11.10.2022 11:21:32.419 - [eu.usrv.legacylootgames.LootGamesDungeonLogger][INFO] - PuzzleDungeon spawned at 744 68 -136 in Dimension 0
11.10.2022 11:22:45.782 - [eu.usrv.legacylootgames.LootGamesDungeonLogger][INFO] - PuzzleDungeon spawned at 728 108 56 in Dimension 0
11.10.2022 11:33:05.152 - [eu.usrv.legacylootgames.LootGamesDungeonLogger][INFO] - PuzzleDungeon spawned at 200 50 -600 in Dimension 0
12.10.2022 11:40:06.752 - [eu.usrv.legacylootgames.LootGamesDungeonLogger][INFO] - == LootGames logger initialized ==
12.10.2022 03:37:53.614 - [eu.usrv.legacylootgames.LootGamesDungeonLogger][INFO] - == LootGames logger initialized ==
12.10.2022 03:45:25.593 - [eu.usrv.legacylootgames.LootGamesDungeonLogger][INFO] - PuzzleDungeon spawned at -168 46 -344 in Dimension 0
12.10.2022 03:45:31.468 - [eu.usrv.legacylootgames.LootGamesDungeonLogger][INFO] - PuzzleDungeon spawned at -168 92 -232 in Dimension 0
12.10.2022 03:45:42.895 - [eu.usrv.legacylootgames.LootGamesDungeonLogger][INFO] - PuzzleDungeon spawned at -184 46 -408 in Dimension 0
12.10.2022 03:56:28.312 - [eu.usrv.legacylootgames.LootGamesDungeonLogger][INFO] - PuzzleDungeon spawned at 24 52 -616 in Dimension 0
12.10.2022 03:59:06.769 - [eu.usrv.legacylootgames.LootGamesDungeonLogger][INFO] - PuzzleDungeon spawned at 456 48 -728 in Dimension 0
12.10.2022 04:00:37.075 - [eu.usrv.legacylootgames.LootGamesDungeonLogger][INFO] - PuzzleDungeon spawned at 584 54 -616 in Dimension 0
14.10.2022 07:41:04.028 - [eu.usrv.legacylootgames.LootGamesDungeonLogger][INFO] - == LootGames logger initialized ==
15.10.2022 09:44:32.578 - [eu.usrv.legacylootgames.LootGamesDungeonLogger][INFO] - == LootGames logger initialized ==
15.10.2022 04:25:44.979 - [eu.usrv.legacylootgames.LootGamesDungeonLogger][INFO] - == LootGames logger initialized ==
16.10.2022 12:03:41.132 - [eu.usrv.legacylootgames.LootGamesDungeonLogger][INFO] - == LootGames logger initialized ==
16.10.2022 04:06:58.836 - [eu.usrv.legacylootgames.LootGamesDungeonLogger][INFO] - PuzzleDungeon spawned at 776 118 104 in Dimension 0
16.10.2022 04:08:39.543 - [eu.usrv.legacylootgames.LootGamesDungeonLogger][INFO] - PuzzleDungeon spawned at 1016 65 -184 in Dimension 0
16.10.2022 04:10:12.285 - [eu.usrv.legacylootgames.LootGamesDungeonLogger][INFO] - PuzzleDungeon spawned at 936 118 -328 in Dimension 0
16.10.2022 04:11:40.172 - [eu.usrv.legacylootgames.LootGamesDungeonLogger][INFO] - PuzzleDungeon spawned at 1096 66 -504 in Dimension 0
16.10.2022 04:12:13.896 - [eu.usrv.legacylootgames.LootGamesDungeonLogger][INFO] - PuzzleDungeon spawned at 856 46 -568 in Dimension 0
16.10.2022 04:13:42.556 - [eu.usrv.legacylootgames.LootGamesDungeonLogger][INFO] - PuzzleDungeon spawned at 856 49 -664 in Dimension 0
16.10.2022 04:14:16.338 - [eu.usrv.legacylootgames.LootGamesDungeonLogger][INFO] - PuzzleDungeon spawned at 1064 67 -584 in Dimension 0
16.10.2022 04:15:04.111 - [eu.usrv.legacylootgames.LootGamesDungeonLogger][INFO] - PuzzleDungeon spawned at 1176 75 -920 in Dimension 0
16.10.2022 04:15:49.682 - [eu.usrv.legacylootgames.LootGamesDungeonLogger][INFO] - PuzzleDungeon spawned at 1224 59 -760 in Dimension 0
16.10.2022 04:16:46.395 - [eu.usrv.legacylootgames.LootGamesDungeonLogger][INFO] - PuzzleDungeon spawned at 1160 108 -1000 in Dimension 0
16.10.2022 04:19:18.737 - [eu.usrv.legacylootgames.LootGamesDungeonLogger][INFO] - PuzzleDungeon spawned at 1144 80 -1272 in Dimension 0
16.10.2022 04:21:44.514 - [eu.usrv.legacylootgames.LootGamesDungeonLogger][INFO] - PuzzleDungeon spawned at 952 80 -984 in Dimension 0
16.10.2022 04:22:56.037 - [eu.usrv.legacylootgames.LootGamesDungeonLogger][INFO] - PuzzleDungeon spawned at 776 67 -1000 in Dimension 0
16.10.2022 04:22:59.629 - [eu.usrv.legacylootgames.LootGamesDungeonLogger][INFO] - PuzzleDungeon spawned at 664 45 -1016 in Dimension 0
16.10.2022 04:23:29.357 - [eu.usrv.legacylootgames.LootGamesDungeonLogger][INFO] - PuzzleDungeon spawned at 632 46 -1096 in Dimension 0
16.10.2022 04:24:00.060 - [eu.usrv.legacylootgames.LootGamesDungeonLogger][INFO] - PuzzleDungeon spawned at 776 34 -808 in Dimension 0
16.10.2022 04:25:26.978 - [eu.usrv.legacylootgames.LootGamesDungeonLogger][INFO] - PuzzleDungeon spawned at 408 53 -888 in Dimension 0
16.10.2022 04:25:32.354 - [eu.usrv.legacylootgames.LootGamesDungeonLogger][INFO] - PuzzleDungeon spawned at 376 48 -968 in Dimension 0
16.10.2022 04:26:20.738 - [eu.usrv.legacylootgames.LootGamesDungeonLogger][INFO] - PuzzleDungeon spawned at 328 43 -1032 in Dimension 0
16.10.2022 04:26:38.732 - [eu.usrv.legacylootgames.LootGamesDungeonLogger][INFO] - PuzzleDungeon spawned at 120 106 -1112 in Dimension 0
16.10.2022 04:26:47.413 - [eu.usrv.legacylootgames.LootGamesDungeonLogger][INFO] - PuzzleDungeon spawned at 88 118 -1192 in Dimension 0
16.10.2022 04:26:53.628 - [eu.usrv.legacylootgames.LootGamesDungeonLogger][INFO] - PuzzleDungeon spawned at 40 67 -1256 in Dimension 0
16.10.2022 04:27:46.485 - [eu.usrv.legacylootgames.LootGamesDungeonLogger][INFO] - PuzzleDungeon spawned at -264 60 -840 in Dimension 0
16.10.2022 04:28:04.554 - [eu.usrv.legacylootgames.LootGamesDungeonLogger][INFO] - PuzzleDungeon spawned at -264 25 -744 in Dimension 0
16.10.2022 04:28:35.920 - [eu.usrv.legacylootgames.LootGamesDungeonLogger][INFO] - PuzzleDungeon spawned at -360 52 -872 in Dimension 0
16.10.2022 04:28:45.124 - [eu.usrv.legacylootgames.LootGamesDungeonLogger][INFO] - PuzzleDungeon spawned at -184 46 -600 in Dimension 0
16.10.2022 04:34:52.760 - [eu.usrv.legacylootgames.LootGamesDungeonLogger][INFO] - PuzzleDungeon spawned at -264 51 88 in Dimension 0
16.10.2022 04:35:59.442 - [eu.usrv.legacylootgames.LootGamesDungeonLogger][INFO] - PuzzleDungeon spawned at -232 54 168 in Dimension 0
17.10.2022 08:04:20.441 - [eu.usrv.legacylootgames.LootGamesDungeonLogger][INFO] - == LootGames logger initialized ==
19.10.2022 08:21:45.990 - [eu.usrv.legacylootgames.LootGamesDungeonLogger][INFO] - == LootGames logger initialized ==
19.10.2022 07:57:09.119 - [eu.usrv.legacylootgames.LootGamesDungeonLogger][INFO] - == LootGames logger initialized ==
20.10.2022 07:36:44.425 - [eu.usrv.legacylootgames.LootGamesDungeonLogger][INFO] - == LootGames logger initialized ==
21.10.2022 02:11:24.840 - [eu.usrv.legacylootgames.LootGamesDungeonLogger][INFO] - == LootGames logger initialized ==
22.10.2022 11:25:47.981 - [eu.usrv.legacylootgames.LootGamesDungeonLogger][INFO] - == LootGames logger initialized ==
22.10.2022 04:02:17.892 - [eu.usrv.legacylootgames.LootGamesDungeonLogger][INFO] - PuzzleDungeon spawned at 408 103 296 in Dimension 0
22.10.2022 04:03:17.096 - [eu.usrv.legacylootgames.LootGamesDungeonLogger][INFO] - PuzzleDungeon spawned at 424 90 472 in Dimension 0
22.10.2022 04:07:58.909 - [eu.usrv.legacylootgames.LootGamesDungeonLogger][INFO] - PuzzleDungeon spawned at 312 104 792 in Dimension 0
22.10.2022 04:20:40.627 - [eu.usrv.legacylootgames.LootGamesDungeonLogger][INFO] - PuzzleDungeon spawned at 376 57 936 in Dimension 0
22.10.2022 04:22:08.271 - [eu.usrv.legacylootgames.LootGamesDungeonLogger][INFO] - PuzzleDungeon spawned at 376 56 1128 in Dimension 0
22.10.2022 04:23:04.030 - [eu.usrv.legacylootgames.LootGamesDungeonLogger][INFO] - PuzzleDungeon spawned at 504 54 1224 in Dimension 0
22.10.2022 04:23:58.302 - [eu.usrv.legacylootgames.LootGamesDungeonLogger][INFO] - PuzzleDungeon spawned at 552 41 1384 in Dimension 0
22.10.2022 04:24:18.985 - [eu.usrv.legacylootgames.LootGamesDungeonLogger][INFO] - PuzzleDungeon spawned at 568 47 1496 in Dimension 0
22.10.2022 04:25:46.047 - [eu.usrv.legacylootgames.LootGamesDungeonLogger][INFO] - PuzzleDungeon spawned at 584 31 1736 in Dimension 0
22.10.2022 04:26:44.664 - [eu.usrv.legacylootgames.LootGamesDungeonLogger][INFO] - PuzzleDungeon spawned at 792 90 1448 in Dimension 0
22.10.2022 04:28:01.863 - [eu.usrv.legacylootgames.LootGamesDungeonLogger][INFO] - PuzzleDungeon spawned at 952 51 1288 in Dimension 0
22.10.2022 04:29:08.219 - [eu.usrv.legacylootgames.LootGamesDungeonLogger][INFO] - PuzzleDungeon spawned at 1128 53 1400 in Dimension 0
22.10.2022 04:30:42.024 - [eu.usrv.legacylootgames.LootGamesDungeonLogger][INFO] - PuzzleDungeon spawned at 1144 48 1096 in Dimension 0
22.10.2022 04:31:37.401 - [eu.usrv.legacylootgames.LootGamesDungeonLogger][INFO] - PuzzleDungeon spawned at 872 45 1144 in Dimension 0
22.10.2022 04:31:37.605 - [eu.usrv.legacylootgames.LootGamesDungeonLogger][INFO] - PuzzleDungeon spawned at 872 66 1048 in Dimension 0
22.10.2022 04:32:26.464 - [eu.usrv.legacylootgames.LootGamesDungeonLogger][INFO] - PuzzleDungeon spawned at 856 67 872 in Dimension 0
22.10.2022 04:37:54.732 - [eu.usrv.legacylootgames.LootGamesDungeonLogger][INFO] - PuzzleDungeon spawned at 872 56 680 in Dimension 0
22.10.2022 04:39:25.849 - [eu.usrv.legacylootgames.LootGamesDungeonLogger][INFO] - PuzzleDungeon spawned at 824 67 616 in Dimension 0
22.10.2022 04:39:57.024 - [eu.usrv.legacylootgames.LootGamesDungeonLogger][INFO] - PuzzleDungeon spawned at 808 62 536 in Dimension 0
22.10.2022 04:40:28.135 - [eu.usrv.legacylootgames.LootGamesDungeonLogger][INFO] - PuzzleDungeon spawned at 696 118 520 in Dimension 0
22.10.2022 04:40:32.743 - [eu.usrv.legacylootgames.LootGamesDungeonLogger][INFO] - PuzzleDungeon spawned at 696 118 408 in Dimension 0
22.10.2022 04:42:34.221 - [eu.usrv.legacylootgames.LootGamesDungeonLogger][INFO] - PuzzleDungeon spawned at 904 54 232 in Dimension 0
22.10.2022 08:41:31.680 - [eu.usrv.legacylootgames.LootGamesDungeonLogger][INFO] - PuzzleDungeon spawned at 8 76 -792 in Dimension 0
23.10.2022 07:53:30.442 - [eu.usrv.legacylootgames.LootGamesDungeonLogger][INFO] - == LootGames logger initialized ==
23.10.2022 08:22:46.827 - [eu.usrv.legacylootgames.LootGamesDungeonLogger][INFO] - PuzzleDungeon spawned at -568 48 -328 in Dimension 0
23.10.2022 02:24:52.948 - [eu.usrv.legacylootgames.LootGamesDungeonLogger][INFO] - == LootGames logger initialized ==
24.10.2022 07:40:28.080 - [eu.usrv.legacylootgames.LootGamesDungeonLogger][INFO] - == LootGames logger initialized ==
24.10.2022 06:05:27.111 - [eu.usrv.legacylootgames.LootGamesDungeonLogger][INFO] - == LootGames logger initialized ==
25.10.2022 08:12:54.282 - [eu.usrv.legacylootgames.LootGamesDungeonLogger][INFO] - == LootGames logger initialized ==
26.10.2022 08:20:13.991 - [eu.usrv.legacylootgames.LootGamesDungeonLogger][INFO] - == LootGames logger initialized ==
26.10.2022 04:25:01.213 - [eu.usrv.legacylootgames.LootGamesDungeonLogger][INFO] - == LootGames logger initialized ==
26.10.2022 07:38:33.827 - [eu.usrv.legacylootgames.LootGamesDungeonLogger][INFO] - == LootGames logger initialized ==
27.10.2022 08:20:37.119 - [eu.usrv.legacylootgames.LootGamesDungeonLogger][INFO] - == LootGames logger initialized ==
28.10.2022 08:18:39.585 - [eu.usrv.legacylootgames.LootGamesDungeonLogger][INFO] - == LootGames logger initialized ==
28.10.2022 12:38:17.461 - [eu.usrv.legacylootgames.LootGamesDungeonLogger][INFO] - == LootGames logger initialized ==
28.10.2022 06:35:02.190 - [eu.usrv.legacylootgames.LootGamesDungeonLogger][INFO] - == LootGames logger initialized ==
28.10.2022 07:53:17.443 - [eu.usrv.legacylootgames.LootGamesDungeonLogger][INFO] - PuzzleDungeon spawned at -648 53 -920 in Dimension 0
28.10.2022 07:55:00.221 - [eu.usrv.legacylootgames.LootGamesDungeonLogger][INFO] - PuzzleDungeon spawned at -376 71 -968 in Dimension 0
29.10.2022 12:22:13.508 - [eu.usrv.legacylootgames.LootGamesDungeonLogger][INFO] - == LootGames logger initialized ==
29.10.2022 10:08:35.900 - [eu.usrv.legacylootgames.LootGamesDungeonLogger][INFO] - == LootGames logger initialized ==
29.10.2022 01:32:08.217 - [eu.usrv.legacylootgames.LootGamesDungeonLogger][INFO] - == LootGames logger initialized ==
29.10.2022 05:55:18.017 - [eu.usrv.legacylootgames.LootGamesDungeonLogger][INFO] - == LootGames logger initialized ==
30.10.2022 10:26:33.818 - [eu.usrv.legacylootgames.LootGamesDungeonLogger][INFO] - == LootGames logger initialized ==
30.10.2022 01:09:35.658 - [eu.usrv.legacylootgames.LootGamesDungeonLogger][INFO] - == LootGames logger initialized ==
30.10.2022 07:11:48.829 - [eu.usrv.legacylootgames.LootGamesDungeonLogger][INFO] - PuzzleDungeon spawned at -72 47 360 in Dimension 0
30.10.2022 07:13:03.938 - [eu.usrv.legacylootgames.LootGamesDungeonLogger][INFO] - PuzzleDungeon spawned at -72 82 536 in Dimension 0
30.10.2022 07:13:09.532 - [eu.usrv.legacylootgames.LootGamesDungeonLogger][INFO] - PuzzleDungeon spawned at 24 47 568 in Dimension 0
30.10.2022 07:13:21.002 - [eu.usrv.legacylootgames.LootGamesDungeonLogger][INFO] - PuzzleDungeon spawned at 56 33 648 in Dimension 0
30.10.2022 07:14:36.551 - [eu.usrv.legacylootgames.LootGamesDungeonLogger][INFO] - PuzzleDungeon spawned at -328 55 664 in Dimension 0
30.10.2022 07:26:45.877 - [eu.usrv.legacylootgames.LootGamesDungeonLogger][INFO] - PuzzleDungeon spawned at -616 57 728 in Dimension 0
30.10.2022 07:36:06.938 - [eu.usrv.legacylootgames.LootGamesDungeonLogger][INFO] - PuzzleDungeon spawned at -920 88 776 in Dimension 0
30.10.2022 07:36:22.483 - [eu.usrv.legacylootgames.LootGamesDungeonLogger][INFO] - PuzzleDungeon spawned at -968 87 712 in Dimension 0
30.10.2022 07:36:29.575 - [eu.usrv.legacylootgames.LootGamesDungeonLogger][INFO] - PuzzleDungeon spawned at -984 66 632 in Dimension 0
30.10.2022 07:42:54.566 - [eu.usrv.legacylootgames.LootGamesDungeonLogger][INFO] - PuzzleDungeon spawned at -1096 59 616 in Dimension 0
30.10.2022 07:43:48.309 - [eu.usrv.legacylootgames.LootGamesDungeonLogger][INFO] - PuzzleDungeon spawned at -1352 54 632 in Dimension 0
30.10.2022 07:48:40.206 - [eu.usrv.legacylootgames.LootGamesDungeonLogger][INFO] - PuzzleDungeon spawned at -1448 60 968 in Dimension 0
30.10.2022 07:48:44.870 - [eu.usrv.legacylootgames.LootGamesDungeonLogger][INFO] - PuzzleDungeon spawned at -1480 70 888 in Dimension 0
30.10.2022 07:52:24.801 - [eu.usrv.legacylootgames.LootGamesDungeonLogger][INFO] - PuzzleDungeon spawned at -1688 60 904 in Dimension 0
30.10.2022 07:57:46.547 - [eu.usrv.legacylootgames.LootGamesDungeonLogger][INFO] - PuzzleDungeon spawned at -1944 65 920 in Dimension 0
30.10.2022 08:24:55.406 - [eu.usrv.legacylootgames.LootGamesDungeonLogger][INFO] - PuzzleDungeon spawned at -1560 56 648 in Dimension 0
30.10.2022 08:26:41.232 - [eu.usrv.legacylootgames.LootGamesDungeonLogger][INFO] - PuzzleDungeon spawned at -1240 66 312 in Dimension 0
30.10.2022 08:26:47.051 - [eu.usrv.legacylootgames.LootGamesDungeonLogger][INFO] - PuzzleDungeon spawned at -968 65 360 in Dimension 0
30.10.2022 08:27:06.490 - [eu.usrv.legacylootgames.LootGamesDungeonLogger][INFO] - PuzzleDungeon spawned at -856 118 376 in Dimension 0
30.10.2022 08:27:19.038 - [eu.usrv.legacylootgames.LootGamesDungeonLogger][INFO] - PuzzleDungeon spawned at -952 49 232 in Dimension 0
30.10.2022 08:28:12.482 - [eu.usrv.legacylootgames.LootGamesDungeonLogger][INFO] - PuzzleDungeon spawned at -616 78 360 in Dimension 0
30.10.2022 08:28:59.640 - [eu.usrv.legacylootgames.LootGamesDungeonLogger][INFO] - PuzzleDungeon spawned at -488 41 104 in Dimension 0
31.10.2022 08:19:04.807 - [eu.usrv.legacylootgames.LootGamesDungeonLogger][INFO] - == LootGames logger initialized ==
31.10.2022 06:51:29.258 - [eu.usrv.legacylootgames.LootGamesDungeonLogger][INFO] - PuzzleDungeon spawned at -392 50 968 in Dimension 0
31.10.2022 06:58:03.844 - [eu.usrv.legacylootgames.LootGamesDungeonLogger][INFO] - PuzzleDungeon spawned at -600 102 536 in Dimension 0
01.11.2022 08:27:19.349 - [eu.usrv.legacylootgames.LootGamesDungeonLogger][INFO] - == LootGames logger initialized ==
02.11.2022 10:56:08.778 - [eu.usrv.legacylootgames.LootGamesDungeonLogger][INFO] - == LootGames logger initialized ==
02.11.2022 03:01:01.217 - [eu.usrv.legacylootgames.LootGamesDungeonLogger][INFO] - == LootGames logger initialized ==
02.11.2022 05:50:51.807 - [eu.usrv.legacylootgames.LootGamesDungeonLogger][INFO] - PuzzleDungeon spawned at 1256 85 -120 in Dimension 0
02.11.2022 05:51:14.750 - [eu.usrv.legacylootgames.LootGamesDungeonLogger][INFO] - PuzzleDungeon spawned at 1224 63 -376 in Dimension 0
02.11.2022 05:53:04.300 - [eu.usrv.legacylootgames.LootGamesDungeonLogger][INFO] - PuzzleDungeon spawned at 1496 50 -424 in Dimension 0
02.11.2022 05:54:20.532 - [eu.usrv.legacylootgames.LootGamesDungeonLogger][INFO] - PuzzleDungeon spawned at 1592 57 -744 in Dimension 0
02.11.2022 05:54:30.399 - [eu.usrv.legacylootgames.LootGamesDungeonLogger][INFO] - PuzzleDungeon spawned at 1560 66 -840 in Dimension 0
02.11.2022 06:04:32.212 - [eu.usrv.legacylootgames.LootGamesDungeonLogger][INFO] - PuzzleDungeon spawned at 1816 37 -664 in Dimension 0
02.11.2022 06:04:36.258 - [eu.usrv.legacylootgames.LootGamesDungeonLogger][INFO] - PuzzleDungeon spawned at 1864 19 -440 in Dimension 0
02.11.2022 06:04:39.044 - [eu.usrv.legacylootgames.LootGamesDungeonLogger][INFO] - PuzzleDungeon spawned at 1800 61 -760 in Dimension 0
02.11.2022 06:05:26.181 - [eu.usrv.legacylootgames.LootGamesDungeonLogger][INFO] - PuzzleDungeon spawned at 2104 61 -744 in Dimension 0
02.11.2022 06:06:10.061 - [eu.usrv.legacylootgames.LootGamesDungeonLogger][INFO] - PuzzleDungeon spawned at 2264 49 -808 in Dimension 0
02.11.2022 06:06:38.572 - [eu.usrv.legacylootgames.LootGamesDungeonLogger][INFO] - PuzzleDungeon spawned at 2184 56 -1048 in Dimension 0
02.11.2022 06:11:32.170 - [eu.usrv.legacylootgames.LootGamesDungeonLogger][INFO] - PuzzleDungeon spawned at 1928 48 -1016 in Dimension 0
02.11.2022 06:11:34.629 - [eu.usrv.legacylootgames.LootGamesDungeonLogger][INFO] - PuzzleDungeon spawned at 1928 57 -1192 in Dimension 0
02.11.2022 06:12:42.140 - [eu.usrv.legacylootgames.LootGamesDungeonLogger][INFO] - PuzzleDungeon spawned at 1848 33 -1544 in Dimension 0
02.11.2022 06:12:42.300 - [eu.usrv.legacylootgames.LootGamesDungeonLogger][INFO] - PuzzleDungeon spawned at 1736 81 -1560 in Dimension 0
02.11.2022 06:12:58.416 - [eu.usrv.legacylootgames.LootGamesDungeonLogger][INFO] - PuzzleDungeon spawned at 2024 118 -1528 in Dimension 0
02.11.2022 06:13:27.337 - [eu.usrv.legacylootgames.LootGamesDungeonLogger][INFO] - PuzzleDungeon spawned at 2264 50 -1464 in Dimension 0
02.11.2022 06:13:31.352 - [eu.usrv.legacylootgames.LootGamesDungeonLogger][INFO] - PuzzleDungeon spawned at 2312 48 -1400 in Dimension 0
02.11.2022 06:13:31.442 - [eu.usrv.legacylootgames.LootGamesDungeonLogger][INFO] - PuzzleDungeon spawned at 2312 47 -1304 in Dimension 0
02.11.2022 06:17:09.182 - [eu.usrv.legacylootgames.LootGamesDungeonLogger][INFO] - PuzzleDungeon spawned at 1672 79 -1160 in Dimension 0
02.11.2022 06:17:13.708 - [eu.usrv.legacylootgames.LootGamesDungeonLogger][INFO] - PuzzleDungeon spawned at 1640 67 -1240 in Dimension 0
02.11.2022 06:17:22.519 - [eu.usrv.legacylootgames.LootGamesDungeonLogger][INFO] - PuzzleDungeon spawned at 1544 60 -1272 in Dimension 0
02.11.2022 06:17:39.218 - [eu.usrv.legacylootgames.LootGamesDungeonLogger][INFO] - PuzzleDungeon spawned at 1720 60 -1000 in Dimension 0
02.11.2022 06:17:44.017 - [eu.usrv.legacylootgames.LootGamesDungeonLogger][INFO] - PuzzleDungeon spawned at 1448 118 -968 in Dimension 0
02.11.2022 06:58:45.242 - [eu.usrv.legacylootgames.LootGamesDungeonLogger][INFO] - PuzzleDungeon spawned at -392 48 1064 in Dimension 0
03.11.2022 07:57:34.971 - [eu.usrv.legacylootgames.LootGamesDungeonLogger][INFO] - == LootGames logger initialized ==
04.11.2022 07:25:21.358 - [eu.usrv.legacylootgames.LootGamesDungeonLogger][INFO] - == LootGames logger initialized ==
04.11.2022 08:31:12.389 - [eu.usrv.legacylootgames.LootGamesDungeonLogger][INFO] - == LootGames logger initialized ==
04.11.2022 06:05:48.761 - [eu.usrv.legacylootgames.LootGamesDungeonLogger][INFO] - == LootGames logger initialized ==
05.11.2022 10:42:23.149 - [eu.usrv.legacylootgames.LootGamesDungeonLogger][INFO] - == LootGames logger initialized ==
05.11.2022 04:29:25.413 - [eu.usrv.legacylootgames.LootGamesDungeonLogger][INFO] - == LootGames logger initialized ==
05.11.2022 08:38:17.487 - [eu.usrv.legacylootgames.LootGamesDungeonLogger][INFO] - == LootGames logger initialized ==
06.11.2022 10:14:49.969 - [eu.usrv.legacylootgames.LootGamesDungeonLogger][INFO] - == LootGames logger initialized ==
06.11.2022 09:17:31.807 - [eu.usrv.legacylootgames.LootGamesDungeonLogger][INFO] - == LootGames logger initialized ==
06.11.2022 09:23:26.130 - [eu.usrv.legacylootgames.LootGamesDungeonLogger][INFO] - == LootGames logger initialized ==
06.11.2022 09:29:59.696 - [eu.usrv.legacylootgames.LootGamesDungeonLogger][INFO] - == LootGames logger initialized ==
07.11.2022 10:57:58.928 - [eu.usrv.legacylootgames.LootGamesDungeonLogger][INFO] - == LootGames logger initialized ==
07.11.2022 09:07:32.251 - [eu.usrv.legacylootgames.LootGamesDungeonLogger][INFO] - == LootGames logger initialized ==
07.11.2022 11:06:08.382 - [eu.usrv.legacylootgames.LootGamesDungeonLogger][INFO] - == LootGames logger initialized ==
08.11.2022 10:49:58.221 - [eu.usrv.legacylootgames.LootGamesDungeonLogger][INFO] - == LootGames logger initialized ==
09.11.2022 11:50:46.141 - [eu.usrv.legacylootgames.LootGamesDungeonLogger][INFO] - == LootGames logger initialized ==
09.11.2022 09:12:07.207 - [eu.usrv.legacylootgames.LootGamesDungeonLogger][INFO] - == LootGames logger initialized ==
11.11.2022 11:17:57.925 - [eu.usrv.legacylootgames.LootGamesDungeonLogger][INFO] - == LootGames logger initialized ==
11.11.2022 10:06:46.385 - [eu.usrv.legacylootgames.LootGamesDungeonLogger][INFO] - == LootGames logger initialized ==
12.11.2022 02:24:28.882 - [eu.usrv.legacylootgames.LootGamesDungeonLogger][INFO] - == LootGames logger initialized ==
13.11.2022 12:23:19.466 - [eu.usrv.legacylootgames.LootGamesDungeonLogger][INFO] - == LootGames logger initialized ==
13.11.2022 09:04:29.958 - [eu.usrv.legacylootgames.LootGamesDungeonLogger][INFO] - == LootGames logger initialized ==
14.11.2022 07:39:23.613 - [eu.usrv.legacylootgames.LootGamesDungeonLogger][INFO] - == LootGames logger initialized ==
14.11.2022 10:40:06.269 - [eu.usrv.legacylootgames.LootGamesDungeonLogger][INFO] - PuzzleDungeon spawned at 1112 114 24 in Dimension 0
15.11.2022 01:44:26.612 - [eu.usrv.legacylootgames.LootGamesDungeonLogger][INFO] - == LootGames logger initialized ==
15.11.2022 11:42:08.437 - [eu.usrv.legacylootgames.LootGamesDungeonLogger][INFO] - == LootGames logger initialized ==
15.11.2022 04:22:02.786 - [eu.usrv.legacylootgames.LootGamesDungeonLogger][INFO] - == LootGames logger initialized ==
15.11.2022 10:37:31.159 - [eu.usrv.legacylootgames.LootGamesDungeonLogger][INFO] - == LootGames logger initialized ==
17.11.2022 10:22:14.770 - [eu.usrv.legacylootgames.LootGamesDungeonLogger][INFO] - == LootGames logger initialized ==
17.11.2022 10:02:43.623 - [eu.usrv.legacylootgames.LootGamesDungeonLogger][INFO] - == LootGames logger initialized ==
18.11.2022 11:02:12.096 - [eu.usrv.legacylootgames.LootGamesDungeonLogger][INFO] - == LootGames logger initialized ==
18.11.2022 09:19:29.277 - [eu.usrv.legacylootgames.LootGamesDungeonLogger][INFO] - == LootGames logger initialized ==
19.11.2022 12:46:24.346 - [eu.usrv.legacylootgames.LootGamesDungeonLogger][INFO] - == LootGames logger initialized ==
19.11.2022 02:36:00.912 - [eu.usrv.legacylootgames.LootGamesDungeonLogger][INFO] - == LootGames logger initialized ==
20.11.2022 07:33:52.035 - [eu.usrv.legacylootgames.LootGamesDungeonLogger][INFO] - == LootGames logger initialized ==
20.11.2022 08:14:01.603 - [eu.usrv.legacylootgames.LootGamesDungeonLogger][INFO] - == LootGames logger initialized ==
23.11.2022 11:13:28.978 - [eu.usrv.legacylootgames.LootGamesDungeonLogger][INFO] - == LootGames logger initialized ==
25.11.2022 03:55:01.886 - [eu.usrv.legacylootgames.LootGamesDungeonLogger][INFO] - == LootGames logger initialized ==
26.11.2022 12:38:03.629 - [eu.usrv.legacylootgames.LootGamesDungeonLogger][INFO] - == LootGames logger initialized ==
26.11.2022 08:55:41.577 - [eu.usrv.legacylootgames.LootGamesDungeonLogger][INFO] - == LootGames logger initialized ==
27.11.2022 08:16:38.688 - [eu.usrv.legacylootgames.LootGamesDungeonLogger][INFO] - == LootGames logger initialized ==
28.11.2022 11:13:21.197 - [eu.usrv.legacylootgames.LootGamesDungeonLogger][INFO] - == LootGames logger initialized ==
28.11.2022 09:03:52.336 - [eu.usrv.legacylootgames.LootGamesDungeonLogger][INFO] - == LootGames logger initialized ==
29.11.2022 09:05:17.497 - [eu.usrv.legacylootgames.LootGamesDungeonLogger][INFO] - == LootGames logger initialized ==
29.11.2022 10:17:00.472 - [eu.usrv.legacylootgames.LootGamesDungeonLogger][INFO] - == LootGames logger initialized ==
29.11.2022 10:54:26.374 - [eu.usrv.legacylootgames.LootGamesDungeonLogger][INFO] - PuzzleDungeon spawned at 1480 77 -168 in Dimension 0
29.11.2022 10:56:18.139 - [eu.usrv.legacylootgames.LootGamesDungeonLogger][INFO] - PuzzleDungeon spawned at 1496 67 -56 in Dimension 0
30.11.2022 11:43:35.495 - [eu.usrv.legacylootgames.LootGamesDungeonLogger][INFO] - == LootGames logger initialized ==
01.12.2022 11:10:47.080 - [eu.usrv.legacylootgames.LootGamesDungeonLogger][INFO] - == LootGames logger initialized ==
01.12.2022 08:56:35.855 - [eu.usrv.legacylootgames.LootGamesDungeonLogger][INFO] - == LootGames logger initialized ==
03.12.2022 02:08:11.326 - [eu.usrv.legacylootgames.LootGamesDungeonLogger][INFO] - == LootGames logger initialized ==
03.12.2022 05:37:21.760 - [eu.usrv.legacylootgames.LootGamesDungeonLogger][INFO] - == LootGames logger initialized ==
03.12.2022 05:45:38.904 - [eu.usrv.legacylootgames.LootGamesDungeonLogger][INFO] - == LootGames logger initialized ==
03.12.2022 11:44:55.920 - [eu.usrv.legacylootgames.LootGamesDungeonLogger][INFO] - == LootGames logger initialized ==
04.12.2022 01:27:57.278 - [eu.usrv.legacylootgames.LootGamesDungeonLogger][INFO] - == LootGames logger initialized ==
04.12.2022 06:09:37.426 - [eu.usrv.legacylootgames.LootGamesDungeonLogger][INFO] - == LootGames logger initialized ==
04.12.2022 08:12:07.136 - [eu.usrv.legacylootgames.LootGamesDungeonLogger][INFO] - PuzzleDungeon spawned at -664 47 -1160 in Dimension 0
04.12.2022 08:12:37.883 - [eu.usrv.legacylootgames.LootGamesDungeonLogger][INFO] - PuzzleDungeon spawned at -664 55 -1256 in Dimension 0
04.12.2022 08:13:03.743 - [eu.usrv.legacylootgames.LootGamesDungeonLogger][INFO] - PuzzleDungeon spawned at -712 51 -1320 in Dimension 0
04.12.2022 08:13:30.165 - [eu.usrv.legacylootgames.LootGamesDungeonLogger][INFO] - PuzzleDungeon spawned at -728 118 -1416 in Dimension 0
04.12.2022 08:15:12.569 - [eu.usrv.legacylootgames.LootGamesDungeonLogger][INFO] - PuzzleDungeon spawned at -824 76 -1560 in Dimension 0
04.12.2022 08:17:46.937 - [eu.usrv.legacylootgames.LootGamesDungeonLogger][INFO] - PuzzleDungeon spawned at -632 89 -1720 in Dimension 0
04.12.2022 08:18:31.142 - [eu.usrv.legacylootgames.LootGamesDungeonLogger][INFO] - PuzzleDungeon spawned at -632 41 -1832 in Dimension 0
04.12.2022 08:19:03.321 - [eu.usrv.legacylootgames.LootGamesDungeonLogger][INFO] - PuzzleDungeon spawned at -344 50 -1688 in Dimension 0
04.12.2022 08:19:03.416 - [eu.usrv.legacylootgames.LootGamesDungeonLogger][INFO] - PuzzleDungeon spawned at -344 52 -1800 in Dimension 0
04.12.2022 08:19:39.026 - [eu.usrv.legacylootgames.LootGamesDungeonLogger][INFO] - PuzzleDungeon spawned at -424 47 -2008 in Dimension 0
04.12.2022 08:23:31.066 - [eu.usrv.legacylootgames.LootGamesDungeonLogger][INFO] - PuzzleDungeon spawned at -424 48 -2104 in Dimension 0
04.12.2022 08:24:08.345 - [eu.usrv.legacylootgames.LootGamesDungeonLogger][INFO] - PuzzleDungeon spawned at -504 47 -2168 in Dimension 0
04.12.2022 08:24:45.946 - [eu.usrv.legacylootgames.LootGamesDungeonLogger][INFO] - PuzzleDungeon spawned at -536 52 -2248 in Dimension 0
04.12.2022 08:24:59.579 - [eu.usrv.legacylootgames.LootGamesDungeonLogger][INFO] - PuzzleDungeon spawned at -584 52 -2296 in Dimension 0
04.12.2022 08:25:24.711 - [eu.usrv.legacylootgames.LootGamesDungeonLogger][INFO] - PuzzleDungeon spawned at -584 67 -2408 in Dimension 0
04.12.2022 08:25:26.233 - [eu.usrv.legacylootgames.LootGamesDungeonLogger][INFO] - PuzzleDungeon spawned at -808 66 -2376 in Dimension 0
04.12.2022 08:26:36.443 - [eu.usrv.legacylootgames.LootGamesDungeonLogger][INFO] - PuzzleDungeon spawned at -584 51 -2664 in Dimension 0
04.12.2022 08:28:07.781 - [eu.usrv.legacylootgames.LootGamesDungeonLogger][INFO] - PuzzleDungeon spawned at -200 58 -2680 in Dimension 0
04.12.2022 08:28:15.181 - [eu.usrv.legacylootgames.LootGamesDungeonLogger][INFO] - PuzzleDungeon spawned at -104 60 -2632 in Dimension 0
04.12.2022 08:28:18.143 - [eu.usrv.legacylootgames.LootGamesDungeonLogger][INFO] - PuzzleDungeon spawned at -104 52 -2520 in Dimension 0
04.12.2022 08:28:27.857 - [eu.usrv.legacylootgames.LootGamesDungeonLogger][INFO] - PuzzleDungeon spawned at -56 31 -2472 in Dimension 0
04.12.2022 08:28:34.429 - [eu.usrv.legacylootgames.LootGamesDungeonLogger][INFO] - PuzzleDungeon spawned at -40 96 -2392 in Dimension 0
04.12.2022 08:29:11.907 - [eu.usrv.legacylootgames.LootGamesDungeonLogger][INFO] - PuzzleDungeon spawned at 184 52 -2408 in Dimension 0
04.12.2022 08:29:57.978 - [eu.usrv.legacylootgames.LootGamesDungeonLogger][INFO] - PuzzleDungeon spawned at 232 52 -2248 in Dimension 0
04.12.2022 08:30:46.734 - [eu.usrv.legacylootgames.LootGamesDungeonLogger][INFO] - PuzzleDungeon spawned at 456 52 -2264 in Dimension 0
04.12.2022 08:31:53.181 - [eu.usrv.legacylootgames.LootGamesDungeonLogger][INFO] - PuzzleDungeon spawned at 232 40 -2072 in Dimension 0
04.12.2022 08:32:36.509 - [eu.usrv.legacylootgames.LootGamesDungeonLogger][INFO] - PuzzleDungeon spawned at 344 37 -1944 in Dimension 0
04.12.2022 08:32:52.197 - [eu.usrv.legacylootgames.LootGamesDungeonLogger][INFO] - PuzzleDungeon spawned at 408 38 -1800 in Dimension 0
04.12.2022 08:32:56.319 - [eu.usrv.legacylootgames.LootGamesDungeonLogger][INFO] - PuzzleDungeon spawned at 152 63 -1752 in Dimension 0
04.12.2022 08:34:11.861 - [eu.usrv.legacylootgames.LootGamesDungeonLogger][INFO] - PuzzleDungeon spawned at 424 52 -1704 in Dimension 0
04.12.2022 08:34:20.667 - [eu.usrv.legacylootgames.LootGamesDungeonLogger][INFO] - PuzzleDungeon spawned at 424 61 -1448 in Dimension 0
04.12.2022 08:34:49.790 - [eu.usrv.legacylootgames.LootGamesDungeonLogger][INFO] - PuzzleDungeon spawned at 328 49 -1128 in Dimension 0
04.12.2022 10:08:13.664 - [eu.usrv.legacylootgames.LootGamesDungeonLogger][INFO] - PuzzleDungeon spawned at -440 118 -1192 in Dimension 0
05.12.2022 10:59:17.038 - [eu.usrv.legacylootgames.LootGamesDungeonLogger][INFO] - == LootGames logger initialized ==
05.12.2022 09:17:35.411 - [eu.usrv.legacylootgames.LootGamesDungeonLogger][INFO] - == LootGames logger initialized ==
05.12.2022 10:00:08.520 - [eu.usrv.legacylootgames.LootGamesDungeonLogger][INFO] - == LootGames logger initialized ==
05.12.2022 10:56:09.722 - [eu.usrv.legacylootgames.LootGamesDungeonLogger][INFO] - PuzzleDungeon spawned at -648 118 1096 in Dimension 0
05.12.2022 10:56:21.417 - [eu.usrv.legacylootgames.LootGamesDungeonLogger][INFO] - PuzzleDungeon spawned at -648 118 1192 in Dimension 0
05.12.2022 10:57:33.624 - [eu.usrv.legacylootgames.LootGamesDungeonLogger][INFO] - PuzzleDungeon spawned at -920 118 1144 in Dimension 0
05.12.2022 10:57:35.208 - [eu.usrv.legacylootgames.LootGamesDungeonLogger][INFO] - PuzzleDungeon spawned at -1016 55 1272 in Dimension 0
05.12.2022 10:58:46.087 - [eu.usrv.legacylootgames.LootGamesDungeonLogger][INFO] - PuzzleDungeon spawned at -1000 118 1544 in Dimension 0
05.12.2022 10:58:55.796 - [eu.usrv.legacylootgames.LootGamesDungeonLogger][INFO] - PuzzleDungeon spawned at -952 118 1608 in Dimension 0
05.12.2022 10:59:17.215 - [eu.usrv.legacylootgames.LootGamesDungeonLogger][INFO] - PuzzleDungeon spawned at -1400 118 1640 in Dimension 0
05.12.2022 10:59:59.945 - [eu.usrv.legacylootgames.LootGamesDungeonLogger][INFO] - PuzzleDungeon spawned at -1592 63 1848 in Dimension 0
05.12.2022 11:00:28.743 - [eu.usrv.legacylootgames.LootGamesDungeonLogger][INFO] - PuzzleDungeon spawned at -1560 116 2088 in Dimension 0
05.12.2022 11:00:56.940 - [eu.usrv.legacylootgames.LootGamesDungeonLogger][INFO] - PuzzleDungeon spawned at -1528 118 2168 in Dimension 0
05.12.2022 11:02:20.269 - [eu.usrv.legacylootgames.LootGamesDungeonLogger][INFO] - PuzzleDungeon spawned at -1272 49 2312 in Dimension 0
05.12.2022 11:02:29.455 - [eu.usrv.legacylootgames.LootGamesDungeonLogger][INFO] - PuzzleDungeon spawned at -1256 45 2392 in Dimension 0
05.12.2022 11:06:47.681 - [eu.usrv.legacylootgames.LootGamesDungeonLogger][INFO] - PuzzleDungeon spawned at -1288 70 1320 in Dimension 0
05.12.2022 11:06:55.732 - [eu.usrv.legacylootgames.LootGamesDungeonLogger][INFO] - PuzzleDungeon spawned at -1320 53 1240 in Dimension 0
05.12.2022 11:06:59.568 - [eu.usrv.legacylootgames.LootGamesDungeonLogger][INFO] - PuzzleDungeon spawned at -1400 68 1192 in Dimension 0
05.12.2022 11:11:50.520 - [eu.usrv.legacylootgames.LootGamesDungeonLogger][INFO] - PuzzleDungeon spawned at -488 40 8 in Dimension 0
07.12.2022 02:01:04.364 - [eu.usrv.legacylootgames.LootGamesDungeonLogger][INFO] - == LootGames logger initialized ==
07.12.2022 09:41:09.717 - [eu.usrv.legacylootgames.LootGamesDungeonLogger][INFO] - == LootGames logger initialized ==
08.12.2022 12:27:03.525 - [eu.usrv.legacylootgames.LootGamesDungeonLogger][INFO] - == LootGames logger initialized ==
08.12.2022 02:06:35.678 - [eu.usrv.legacylootgames.LootGamesDungeonLogger][INFO] - == LootGames logger initialized ==
08.12.2022 11:34:25.361 - [eu.usrv.legacylootgames.LootGamesDungeonLogger][INFO] - PuzzleDungeon spawned at 712 62 -1416 in Dimension 0
02.03.2023 05:26:33.385 - [eu.usrv.legacylootgames.LootGamesDungeonLogger][INFO] - == LootGames logger initialized ==
02.03.2023 06:06:21.730 - [eu.usrv.legacylootgames.LootGamesDungeonLogger][INFO] - == LootGames logger initialized ==
03.03.2023 01:41:03.460 - [eu.usrv.legacylootgames.LootGamesDungeonLogger][INFO] - == LootGames logger initialized ==
03.03.2023 02:33:14.633 - [eu.usrv.legacylootgames.LootGamesDungeonLogger][INFO] - PuzzleDungeon spawned at 1368 62 -1288 in Dimension 0
03.03.2023 02:44:53.261 - [eu.usrv.legacylootgames.LootGamesDungeonLogger][INFO] - PuzzleDungeon spawned at 1080 64 -1512 in Dimension 0
03.03.2023 02:45:08.348 - [eu.usrv.legacylootgames.LootGamesDungeonLogger][INFO] - PuzzleDungeon spawned at 1160 62 -1816 in Dimension 0
03.03.2023 02:46:04.554 - [eu.usrv.legacylootgames.LootGamesDungeonLogger][INFO] - PuzzleDungeon spawned at 952 96 -1624 in Dimension 0
03.03.2023 02:46:39.095 - [eu.usrv.legacylootgames.LootGamesDungeonLogger][INFO] - PuzzleDungeon spawned at 968 84 -1544 in Dimension 0
03.03.2023 02:47:53.888 - [eu.usrv.legacylootgames.LootGamesDungeonLogger][INFO] - PuzzleDungeon spawned at 1080 69 -1416 in Dimension 0
03.03.2023 02:49:20.236 - [eu.usrv.legacylootgames.LootGamesDungeonLogger][INFO] - PuzzleDungeon spawned at 1128 63 -1352 in Dimension 0
03.03.2023 02:51:58.074 - [eu.usrv.legacylootgames.LootGamesDungeonLogger][INFO] - PuzzleDungeon spawned at 1368 49 -2104 in Dimension 0
03.03.2023 02:52:08.618 - [eu.usrv.legacylootgames.LootGamesDungeonLogger][INFO] - PuzzleDungeon spawned at 1272 59 -2232 in Dimension 0
03.03.2023 02:52:33.974 - [eu.usrv.legacylootgames.LootGamesDungeonLogger][INFO] - PuzzleDungeon spawned at 1112 48 -2424 in Dimension 0
03.03.2023 02:52:48.749 - [eu.usrv.legacylootgames.LootGamesDungeonLogger][INFO] - PuzzleDungeon spawned at 1064 60 -2584 in Dimension 0
03.03.2023 02:54:28.174 - [eu.usrv.legacylootgames.LootGamesDungeonLogger][INFO] - PuzzleDungeon spawned at 1032 60 -2744 in Dimension 0
03.03.2023 02:55:46.934 - [eu.usrv.legacylootgames.LootGamesDungeonLogger][INFO] - PuzzleDungeon spawned at 664 54 -2648 in Dimension 0
03.03.2023 02:55:57.371 - [eu.usrv.legacylootgames.LootGamesDungeonLogger][INFO] - PuzzleDungeon spawned at 664 45 -2552 in Dimension 0
03.03.2023 02:56:00.382 - [eu.usrv.legacylootgames.LootGamesDungeonLogger][INFO] - PuzzleDungeon spawned at 552 58 -2680 in Dimension 0
03.03.2023 02:56:03.111 - [eu.usrv.legacylootgames.LootGamesDungeonLogger][INFO] - PuzzleDungeon spawned at 536 48 -2760 in Dimension 0
03.03.2023 02:56:07.105 - [eu.usrv.legacylootgames.LootGamesDungeonLogger][INFO] - PuzzleDungeon spawned at 712 48 -2488 in Dimension 0
04.03.2023 02:06:14.224 - [eu.usrv.legacylootgames.LootGamesDungeonLogger][INFO] - == LootGames logger initialized ==
04.03.2023 03:33:36.230 - [eu.usrv.legacylootgames.LootGamesDungeonLogger][INFO] - PuzzleDungeon spawned at -552 56 -136 in Dimension 0
04.03.2023 03:48:42.703 - [eu.usrv.legacylootgames.LootGamesDungeonLogger][INFO] - PuzzleDungeon spawned at -280 65 1080 in Dimension 0
04.03.2023 03:48:48.392 - [eu.usrv.legacylootgames.LootGamesDungeonLogger][INFO] - PuzzleDungeon spawned at -264 92 1176 in Dimension 0
04.03.2023 03:50:00.370 - [eu.usrv.legacylootgames.LootGamesDungeonLogger][INFO] - PuzzleDungeon spawned at -216 78 1416 in Dimension 0
04.03.2023 03:50:19.472 - [eu.usrv.legacylootgames.LootGamesDungeonLogger][INFO] - PuzzleDungeon spawned at -200 37 1496 in Dimension 0
04.03.2023 03:52:12.179 - [eu.usrv.legacylootgames.LootGamesDungeonLogger][INFO] - PuzzleDungeon spawned at 56 34 1640 in Dimension 0
04.03.2023 03:52:17.176 - [eu.usrv.legacylootgames.LootGamesDungeonLogger][INFO] - PuzzleDungeon spawned at 88 53 1720 in Dimension 0
04.03.2023 03:52:32.199 - [eu.usrv.legacylootgames.LootGamesDungeonLogger][INFO] - PuzzleDungeon spawned at 184 89 1768 in Dimension 0
04.03.2023 03:52:51.086 - [eu.usrv.legacylootgames.LootGamesDungeonLogger][INFO] - PuzzleDungeon spawned at 248 58 1992 in Dimension 0
04.03.2023 03:53:11.349 - [eu.usrv.legacylootgames.LootGamesDungeonLogger][INFO] - PuzzleDungeon spawned at 264 52 2072 in Dimension 0
04.03.2023 03:53:38.479 - [eu.usrv.legacylootgames.LootGamesDungeonLogger][INFO] - PuzzleDungeon spawned at 472 42 2056 in Dimension 0
04.03.2023 03:56:49.009 - [eu.usrv.legacylootgames.LootGamesDungeonLogger][INFO] - PuzzleDungeon spawned at 632 51 1896 in Dimension 0
06.03.2023 06:54:31.937 - [eu.usrv.legacylootgames.LootGamesDungeonLogger][INFO] - == LootGames logger initialized ==
04.04.2023 03:11:38.974 - [eu.usrv.legacylootgames.LootGamesDungeonLogger][INFO] - == LootGames logger initialized ==
31.08.2023 07:04:41.472 - [eu.usrv.legacylootgames.LootGamesDungeonLogger][INFO] - == LootGames logger initialized ==
22.03.2024 09:00:59.079 - [eu.usrv.legacylootgames.LootGamesDungeonLogger][INFO] - == LootGames logger initialized ==
22.03.2024 09:22:18.067 - [eu.usrv.legacylootgames.LootGamesDungeonLogger][INFO] - == LootGames logger initialized ==
23.03.2024 12:03:08.486 - [eu.usrv.legacylootgames.LootGamesDungeonLogger][INFO] - == LootGames logger initialized ==
23.03.2024 02:07:39.870 - [eu.usrv.legacylootgames.LootGamesDungeonLogger][INFO] - == LootGames logger initialized ==
24.03.2024 04:05:50.992 - [eu.usrv.legacylootgames.LootGamesDungeonLogger][INFO] - PuzzleDungeon spawned at 104 51 712 in Dimension 0
24.03.2024 04:06:41.242 - [eu.usrv.legacylootgames.LootGamesDungeonLogger][INFO] - PuzzleDungeon spawned at 104 51 808 in Dimension 0
24.03.2024 04:17:48.804 - [eu.usrv.legacylootgames.LootGamesDungeonLogger][INFO] - PuzzleDungeon spawned at 664 41 1064 in Dimension 0
24.03.2024 04:18:03.753 - [eu.usrv.legacylootgames.LootGamesDungeonLogger][INFO] - PuzzleDungeon spawned at 584 70 920 in Dimension 0
24.03.2024 04:18:07.412 - [eu.usrv.legacylootgames.LootGamesDungeonLogger][INFO] - PuzzleDungeon spawned at -888 47 -56 in Dimension 0
24.03.2024 04:18:27.149 - [eu.usrv.legacylootgames.LootGamesDungeonLogger][INFO] - PuzzleDungeon spawned at -760 52 56 in Dimension 0
24.03.2024 04:20:15.380 - [eu.usrv.legacylootgames.LootGamesDungeonLogger][INFO] - PuzzleDungeon spawned at 1176 52 632 in Dimension 0
24.03.2024 04:20:20.778 - [eu.usrv.legacylootgames.LootGamesDungeonLogger][INFO] - PuzzleDungeon spawned at 1192 33 440 in Dimension 0
24.03.2024 04:20:42.255 - [eu.usrv.legacylootgames.LootGamesDungeonLogger][INFO] - PuzzleDungeon spawned at 1176 56 280 in Dimension 0
24.03.2024 04:20:59.363 - [eu.usrv.legacylootgames.LootGamesDungeonLogger][INFO] - PuzzleDungeon spawned at 1176 48 184 in Dimension 0
24.03.2024 04:22:39.462 - [eu.usrv.legacylootgames.LootGamesDungeonLogger][INFO] - PuzzleDungeon spawned at 1384 56 264 in Dimension 0
24.03.2024 04:23:11.459 - [eu.usrv.legacylootgames.LootGamesDungeonLogger][INFO] - PuzzleDungeon spawned at 1544 74 104 in Dimension 0
24.03.2024 04:23:19.637 - [eu.usrv.legacylootgames.LootGamesDungeonLogger][INFO] - PuzzleDungeon spawned at 1640 68 328 in Dimension 0
24.03.2024 04:23:44.592 - [eu.usrv.legacylootgames.LootGamesDungeonLogger][INFO] - PuzzleDungeon spawned at 1784 89 344 in Dimension 0
24.03.2024 04:24:00.679 - [eu.usrv.legacylootgames.LootGamesDungeonLogger][INFO] - PuzzleDungeon spawned at -680 59 -344 in Dimension 0
24.03.2024 04:24:24.311 - [eu.usrv.legacylootgames.LootGamesDungeonLogger][INFO] - PuzzleDungeon spawned at 2024 51 40 in Dimension 0
24.03.2024 04:24:24.729 - [eu.usrv.legacylootgames.LootGamesDungeonLogger][INFO] - PuzzleDungeon spawned at -712 83 -424 in Dimension 0
24.03.2024 04:24:45.164 - [eu.usrv.legacylootgames.LootGamesDungeonLogger][INFO] - PuzzleDungeon spawned at -744 118 -488 in Dimension 0
24.03.2024 04:24:56.063 - [eu.usrv.legacylootgames.LootGamesDungeonLogger][INFO] - PuzzleDungeon spawned at 1992 67 328 in Dimension 0
24.03.2024 04:25:14.560 - [eu.usrv.legacylootgames.LootGamesDungeonLogger][INFO] - PuzzleDungeon spawned at 2232 64 24 in Dimension 0
24.03.2024 04:25:26.072 - [eu.usrv.legacylootgames.LootGamesDungeonLogger][INFO] - PuzzleDungeon spawned at -968 27 -568 in Dimension 0
24.03.2024 04:26:06.765 - [eu.usrv.legacylootgames.LootGamesDungeonLogger][INFO] - PuzzleDungeon spawned at 1992 53 -40 in Dimension 0
24.03.2024 04:26:56.651 - [eu.usrv.legacylootgames.LootGamesDungeonLogger][INFO] - PuzzleDungeon spawned at 1960 48 -104 in Dimension 0
24.03.2024 04:28:03.182 - [eu.usrv.legacylootgames.LootGamesDungeonLogger][INFO] - PuzzleDungeon spawned at -1032 51 -712 in Dimension 0
24.03.2024 04:28:36.995 - [eu.usrv.legacylootgames.LootGamesDungeonLogger][INFO] - PuzzleDungeon spawned at -1032 38 -904 in Dimension 0
24.03.2024 04:28:47.694 - [eu.usrv.legacylootgames.LootGamesDungeonLogger][INFO] - PuzzleDungeon spawned at -1144 49 -1032 in Dimension 0
24.03.2024 04:28:53.593 - [eu.usrv.legacylootgames.LootGamesDungeonLogger][INFO] - PuzzleDungeon spawned at -1192 57 -1096 in Dimension 0
24.03.2024 04:29:00.854 - [eu.usrv.legacylootgames.LootGamesDungeonLogger][INFO] - PuzzleDungeon spawned at -1224 74 -1176 in Dimension 0
24.03.2024 04:29:32.480 - [eu.usrv.legacylootgames.LootGamesDungeonLogger][INFO] - PuzzleDungeon spawned at -1112 54 -1496 in Dimension 0
24.03.2024 04:29:36.858 - [eu.usrv.legacylootgames.LootGamesDungeonLogger][INFO] - PuzzleDungeon spawned at -1224 65 -1544 in Dimension 0
24.03.2024 04:29:46.223 - [eu.usrv.legacylootgames.LootGamesDungeonLogger][INFO] - PuzzleDungeon spawned at 1944 61 -200 in Dimension 0
24.03.2024 04:30:13.173 - [eu.usrv.legacylootgames.LootGamesDungeonLogger][INFO] - PuzzleDungeon spawned at -888 34 -1784 in Dimension 0
24.03.2024 04:30:28.257 - [eu.usrv.legacylootgames.LootGamesDungeonLogger][INFO] - PuzzleDungeon spawned at 1784 43 -136 in Dimension 0
24.03.2024 04:33:58.962 - [eu.usrv.legacylootgames.LootGamesDungeonLogger][INFO] - PuzzleDungeon spawned at 2040 85 -504 in Dimension 0
24.03.2024 04:40:41.640 - [eu.usrv.legacylootgames.LootGamesDungeonLogger][INFO] - PuzzleDungeon spawned at 40 60 -1432 in Dimension 0
24.03.2024 04:40:49.911 - [eu.usrv.legacylootgames.LootGamesDungeonLogger][INFO] - PuzzleDungeon spawned at -56 60 -1576 in Dimension 0
24.03.2024 04:41:13.893 - [eu.usrv.legacylootgames.LootGamesDungeonLogger][INFO] - PuzzleDungeon spawned at -344 13 -1496 in Dimension 0
24.03.2024 04:44:20.086 - [eu.usrv.legacylootgames.LootGamesDungeonLogger][INFO] - PuzzleDungeon spawned at -1112 51 -1864 in Dimension 0
24.03.2024 04:44:29.880 - [eu.usrv.legacylootgames.LootGamesDungeonLogger][INFO] - PuzzleDungeon spawned at -1272 52 -1704 in Dimension 0
24.03.2024 04:44:44.253 - [eu.usrv.legacylootgames.LootGamesDungeonLogger][INFO] - PuzzleDungeon spawned at -1176 51 -2008 in Dimension 0
24.03.2024 04:45:08.309 - [eu.usrv.legacylootgames.LootGamesDungeonLogger][INFO] - PuzzleDungeon spawned at -1384 32 -1832 in Dimension 0
24.03.2024 04:45:12.604 - [eu.usrv.legacylootgames.LootGamesDungeonLogger][INFO] - PuzzleDungeon spawned at -1176 51 -2104 in Dimension 0
24.03.2024 04:45:19.604 - [eu.usrv.legacylootgames.LootGamesDungeonLogger][INFO] - PuzzleDungeon spawned at -1288 47 -2136 in Dimension 0
24.03.2024 04:46:33.749 - [eu.usrv.legacylootgames.LootGamesDungeonLogger][INFO] - PuzzleDungeon spawned at -1672 118 -2120 in Dimension 0
24.03.2024 04:47:11.677 - [eu.usrv.legacylootgames.LootGamesDungeonLogger][INFO] - PuzzleDungeon spawned at -2056 65 -2296 in Dimension 0
24.03.2024 04:47:14.732 - [eu.usrv.legacylootgames.LootGamesDungeonLogger][INFO] - PuzzleDungeon spawned at -2104 64 -2360 in Dimension 0
24.03.2024 04:47:15.521 - [eu.usrv.legacylootgames.LootGamesDungeonLogger][INFO] - PuzzleDungeon spawned at -2040 85 -2200 in Dimension 0
24.03.2024 04:47:26.203 - [eu.usrv.legacylootgames.LootGamesDungeonLogger][INFO] - PuzzleDungeon spawned at -1944 99 -2168 in Dimension 0
24.03.2024 04:51:34.194 - [eu.usrv.legacylootgames.LootGamesDungeonLogger][INFO] - PuzzleDungeon spawned at -2104 63 -2456 in Dimension 0
24.03.2024 04:52:44.820 - [eu.usrv.legacylootgames.LootGamesDungeonLogger][INFO] - PuzzleDungeon spawned at -2056 118 -2632 in Dimension 0
24.03.2024 04:53:12.405 - [eu.usrv.legacylootgames.LootGamesDungeonLogger][INFO] - PuzzleDungeon spawned at -2264 49 -2600 in Dimension 0
24.03.2024 04:53:33.500 - [eu.usrv.legacylootgames.LootGamesDungeonLogger][INFO] - PuzzleDungeon spawned at -2344 46 -2744 in Dimension 0
24.03.2024 04:54:16.601 - [eu.usrv.legacylootgames.LootGamesDungeonLogger][INFO] - PuzzleDungeon spawned at -2440 118 -2872 in Dimension 0
24.03.2024 04:54:19.540 - [eu.usrv.legacylootgames.LootGamesDungeonLogger][INFO] - PuzzleDungeon spawned at -2424 53 -2440 in Dimension 0
24.03.2024 04:54:22.333 - [eu.usrv.legacylootgames.LootGamesDungeonLogger][INFO] - PuzzleDungeon spawned at -2328 63 -2424 in Dimension 0
24.03.2024 04:55:37.894 - [eu.usrv.legacylootgames.LootGamesDungeonLogger][INFO] - PuzzleDungeon spawned at -2504 51 -3208 in Dimension 0
24.03.2024 04:55:39.439 - [eu.usrv.legacylootgames.LootGamesDungeonLogger][INFO] - PuzzleDungeon spawned at -2712 55 -3192 in Dimension 0
24.03.2024 04:55:48.065 - [eu.usrv.legacylootgames.LootGamesDungeonLogger][INFO] - PuzzleDungeon spawned at -2744 45 -3272 in Dimension 0
24.03.2024 04:56:04.690 - [eu.usrv.legacylootgames.LootGamesDungeonLogger][INFO] - PuzzleDungeon spawned at -2792 48 -3336 in Dimension 0
24.03.2024 04:56:31.201 - [eu.usrv.legacylootgames.LootGamesDungeonLogger][INFO] - PuzzleDungeon spawned at -2744 55 -2360 in Dimension 0
24.03.2024 04:56:46.314 - [eu.usrv.legacylootgames.LootGamesDungeonLogger][INFO] - PuzzleDungeon spawned at -2808 118 -2520 in Dimension 0
24.03.2024 04:57:06.811 - [eu.usrv.legacylootgames.LootGamesDungeonLogger][INFO] - PuzzleDungeon spawned at -2344 51 -3176 in Dimension 0
24.03.2024 04:58:38.139 - [eu.usrv.legacylootgames.LootGamesDungeonLogger][INFO] - PuzzleDungeon spawned at -2712 50 -2824 in Dimension 0
24.03.2024 04:59:05.200 - [eu.usrv.legacylootgames.LootGamesDungeonLogger][INFO] - PuzzleDungeon spawned at -2072 82 -2808 in Dimension 0
24.03.2024 05:01:21.903 - [eu.usrv.legacylootgames.LootGamesDungeonLogger][INFO] - PuzzleDungeon spawned at -2056 48 -1848 in Dimension 0
24.03.2024 05:01:26.988 - [eu.usrv.legacylootgames.LootGamesDungeonLogger][INFO] - PuzzleDungeon spawned at -1880 65 -1832 in Dimension 0
24.03.2024 05:06:47.496 - [eu.usrv.legacylootgames.LootGamesDungeonLogger][INFO] - == LootGames logger initialized ==
31.03.2024 05:33:13.257 - [eu.usrv.legacylootgames.LootGamesDungeonLogger][INFO] - == LootGames logger initialized ==
31.03.2024 05:35:50.972 - [eu.usrv.legacylootgames.LootGamesDungeonLogger][INFO] - == LootGames logger initialized ==
31.03.2024 05:41:03.456 - [eu.usrv.legacylootgames.LootGamesDungeonLogger][INFO] - == LootGames logger initialized ==
31.03.2024 05:42:28.725 - [eu.usrv.legacylootgames.LootGamesDungeonLogger][INFO] - PuzzleDungeon spawned at -24 53 -24 in Dimension 0
31.03.2024 05:42:30.525 - [eu.usrv.legacylootgames.LootGamesDungeonLogger][INFO] - PuzzleDungeon spawned at 104 64 104 in Dimension 0
31.03.2024 05:42:32.323 - [eu.usrv.legacylootgames.LootGamesDungeonLogger][INFO] - PuzzleDungeon spawned at 248 64 136 in Dimension 0
31.03.2024 05:42:41.806 - [eu.usrv.legacylootgames.LootGamesDungeonLogger][INFO] - PuzzleDungeon spawned at 232 101 -152 in Dimension 0
31.03.2024 05:46:20.517 - [eu.usrv.legacylootgames.LootGamesDungeonLogger][INFO] - == LootGames logger initialized ==
31.03.2024 05:51:19.340 - [eu.usrv.legacylootgames.LootGamesDungeonLogger][INFO] - == LootGames logger initialized ==
31.03.2024 05:52:40.585 - [eu.usrv.legacylootgames.LootGamesDungeonLogger][INFO] - PuzzleDungeon spawned at -88 42 -8 in Dimension 0
31.03.2024 05:52:42.965 - [eu.usrv.legacylootgames.LootGamesDungeonLogger][INFO] - PuzzleDungeon spawned at 40 49 120 in Dimension 0
31.03.2024 05:52:43.489 - [eu.usrv.legacylootgames.LootGamesDungeonLogger][INFO] - PuzzleDungeon spawned at 72 79 200 in Dimension 0
31.03.2024 05:52:44.863 - [eu.usrv.legacylootgames.LootGamesDungeonLogger][INFO] - PuzzleDungeon spawned at 168 83 -136 in Dimension 0
31.03.2024 06:09:37.491 - [eu.usrv.legacylootgames.LootGamesDungeonLogger][INFO] - == LootGames logger initialized ==
31.03.2024 06:23:09.283 - [eu.usrv.legacylootgames.LootGamesDungeonLogger][INFO] - == LootGames logger initialized ==
31.03.2024 06:27:59.672 - [eu.usrv.legacylootgames.LootGamesDungeonLogger][INFO] - == LootGames logger initialized ==
31.03.2024 06:52:38.640 - [eu.usrv.legacylootgames.LootGamesDungeonLogger][INFO] - == LootGames logger initialized ==
31.03.2024 07:04:47.233 - [eu.usrv.legacylootgames.LootGamesDungeonLogger][INFO] - == LootGames logger initialized ==
31.03.2024 08:04:12.007 - [eu.usrv.legacylootgames.LootGamesDungeonLogger][INFO] - == LootGames logger initialized ==
31.03.2024 08:27:44.499 - [eu.usrv.legacylootgames.LootGamesDungeonLogger][INFO] - == LootGames logger initialized ==
01.04.2024 06:46:55.221 - [eu.usrv.legacylootgames.LootGamesDungeonLogger][INFO] - == LootGames logger initialized ==
01.04.2024 09:55:17.373 - [eu.usrv.legacylootgames.LootGamesDungeonLogger][INFO] - == LootGames logger initialized ==
01.04.2024 10:27:50.422 - [eu.usrv.legacylootgames.LootGamesDungeonLogger][INFO] - PuzzleDungeon spawned at -2024 48 -1768 in Dimension 0
01.04.2024 10:28:06.983 - [eu.usrv.legacylootgames.LootGamesDungeonLogger][INFO] - PuzzleDungeon spawned at -1976 51 -1704 in Dimension 0
01.04.2024 10:29:31.859 - [eu.usrv.legacylootgames.LootGamesDungeonLogger][INFO] - PuzzleDungeon spawned at -1752 80 -1640 in Dimension 0
01.04.2024 10:30:17.633 - [eu.usrv.legacylootgames.LootGamesDungeonLogger][INFO] - PuzzleDungeon spawned at -1576 52 -1640 in Dimension 0
01.04.2024 10:31:08.066 - [eu.usrv.legacylootgames.LootGamesDungeonLogger][INFO] - PuzzleDungeon spawned at -1480 45 -1496 in Dimension 0
03.04.2024 09:29:27.775 - [eu.usrv.legacylootgames.LootGamesDungeonLogger][INFO] - == LootGames logger initialized ==
05.04.2024 09:25:32.742 - [eu.usrv.legacylootgames.LootGamesDungeonLogger][INFO] - == LootGames logger initialized ==
06.04.2024 11:05:53.192 - [eu.usrv.legacylootgames.LootGamesDungeonLogger][INFO] - == LootGames logger initialized ==
06.04.2024 04:43:15.157 - [eu.usrv.legacylootgames.LootGamesDungeonLogger][INFO] - == LootGames logger initialized ==
